Device is cuda
Initialized Model
Batch size is 64
Creating loaders with batch_size as  64
Time taken for data loading:  372.2377188205719
-------------------------------------------------------------------------------------------
Processing epoch 0
Done pass
Training Loss is  7.041531316526643  Learning Rate is  0.001
Validation Loss is  4.337526202201843
Epoch  0  was done in  14.237592697143555  seconds
-------------------------------------------------------------------------------------------
-------------------------------------------------------------------------------------------
Processing epoch 1
Done pass
Training Loss is  4.695407893631485  Learning Rate is  0.001
Validation Loss is  4.071088194847107
Epoch  1  was done in  14.107003450393677  seconds
-------------------------------------------------------------------------------------------
-------------------------------------------------------------------------------------------
Processing epoch 2
Done pass
Training Loss is  4.430722040134472  Learning Rate is  0.001
Validation Loss is  3.921813189983368
Epoch  2  was done in  14.105324506759644  seconds
-------------------------------------------------------------------------------------------
-------------------------------------------------------------------------------------------
Processing epoch 3
Done pass
Training Loss is  4.3355073771633945  Learning Rate is  0.001
Validation Loss is  3.8641512393951416
Epoch  3  was done in  14.097480297088623  seconds
-------------------------------------------------------------------------------------------
-------------------------------------------------------------------------------------------
Processing epoch 4
Done pass
Training Loss is  4.274026786888038  Learning Rate is  0.001
Validation Loss is  3.8237117528915405
Epoch  4  was done in  14.053342342376709  seconds
-------------------------------------------------------------------------------------------
-------------------------------------------------------------------------------------------
Processing epoch 5
Done pass
Training Loss is  4.205813132799589  Learning Rate is  0.001
Validation Loss is  3.6583555936813354
Epoch  5  was done in  14.080081224441528  seconds
-------------------------------------------------------------------------------------------
-------------------------------------------------------------------------------------------
Processing epoch 6
Done pass
Training Loss is  4.188273390570839  Learning Rate is  0.001
Validation Loss is  3.6956501603126526
Epoch  6  was done in  13.921407699584961  seconds
-------------------------------------------------------------------------------------------
-------------------------------------------------------------------------------------------
Processing epoch 7
Done pass
Training Loss is  4.1603878775795735  Learning Rate is  0.001
Validation Loss is  3.726060926914215
Epoch  7  was done in  13.936614274978638  seconds
-------------------------------------------------------------------------------------------
-------------------------------------------------------------------------------------------
Processing epoch 8
Done pass
Training Loss is  4.137730889267974  Learning Rate is  0.001
Validation Loss is  3.668960750102997
Epoch  8  was done in  14.08685827255249  seconds
-------------------------------------------------------------------------------------------
-------------------------------------------------------------------------------------------
Processing epoch 9
Done pass
Training Loss is  4.117235896351573  Learning Rate is  0.001
Validation Loss is  3.618727147579193
Epoch  9  was done in  14.146846294403076  seconds
-------------------------------------------------------------------------------------------
-------------------------------------------------------------------------------------------
Processing epoch 10
Done pass
Training Loss is  4.114313555287791  Learning Rate is  0.001
Validation Loss is  3.6642903089523315
Epoch  10  was done in  14.12000823020935  seconds
-------------------------------------------------------------------------------------------
-------------------------------------------------------------------------------------------
Processing epoch 11
Done pass
Training Loss is  4.0914785992968215  Learning Rate is  0.001
Validation Loss is  3.6460142135620117
Epoch  11  was done in  14.042513847351074  seconds
-------------------------------------------------------------------------------------------
-------------------------------------------------------------------------------------------
Processing epoch 12
Done pass
Training Loss is  4.089100140791673  Learning Rate is  0.001
Validation Loss is  3.6405348777770996
Epoch  12  was done in  14.007447957992554  seconds
-------------------------------------------------------------------------------------------
-------------------------------------------------------------------------------------------
Processing epoch 13
Done pass
Training Loss is  4.072939519043807  Learning Rate is  0.001
Validation Loss is  3.641850233078003
Epoch  13  was done in  14.20582914352417  seconds
-------------------------------------------------------------------------------------------
-------------------------------------------------------------------------------------------
Processing epoch 14
Done pass
Training Loss is  4.070063643403106  Learning Rate is  0.001
Validation Loss is  3.5837451219558716
Epoch  14  was done in  14.121916055679321  seconds
-------------------------------------------------------------------------------------------
-------------------------------------------------------------------------------------------
Processing epoch 15
Done pass
Training Loss is  4.0693221616221  Learning Rate is  0.001
Validation Loss is  3.6613316535949707
Epoch  15  was done in  14.043212890625  seconds
-------------------------------------------------------------------------------------------
-------------------------------------------------------------------------------------------
Processing epoch 16
Done pass
Training Loss is  4.055860149991381  Learning Rate is  0.001
Validation Loss is  3.673914313316345
Epoch  16  was done in  14.064581155776978  seconds
-------------------------------------------------------------------------------------------
-------------------------------------------------------------------------------------------
Processing epoch 17
Done pass
Training Loss is  4.042211561412602  Learning Rate is  0.001
Validation Loss is  3.5821157693862915
Epoch  17  was done in  14.021960496902466  seconds
-------------------------------------------------------------------------------------------
-------------------------------------------------------------------------------------------
Processing epoch 18
Done pass
Training Loss is  4.04852582858159  Learning Rate is  0.001
Validation Loss is  3.6135560870170593
Epoch  18  was done in  14.009941816329956  seconds
-------------------------------------------------------------------------------------------
-------------------------------------------------------------------------------------------
Processing epoch 19
Done pass
Training Loss is  4.048413336932004  Learning Rate is  0.001
Validation Loss is  3.594809353351593
Epoch  19  was done in  14.010883331298828  seconds
-------------------------------------------------------------------------------------------
-------------------------------------------------------------------------------------------
Processing epoch 20
Done pass
Training Loss is  4.045803523325658  Learning Rate is  0.001
Validation Loss is  3.663062810897827
Epoch  20  was done in  14.043839931488037  seconds
-------------------------------------------------------------------------------------------
-------------------------------------------------------------------------------------------
Processing epoch 21
Done pass
Training Loss is  4.036063435313466  Learning Rate is  0.001
Validation Loss is  3.582065224647522
Epoch  21  was done in  14.100411415100098  seconds
-------------------------------------------------------------------------------------------
-------------------------------------------------------------------------------------------
Processing epoch 22
Done pass
Training Loss is  4.037283918359777  Learning Rate is  0.001
Validation Loss is  3.590185523033142
Epoch  22  was done in  14.250768661499023  seconds
-------------------------------------------------------------------------------------------
-------------------------------------------------------------------------------------------
Processing epoch 23
Done pass
Training Loss is  4.0324151044363505  Learning Rate is  0.001
Validation Loss is  3.59268456697464
Epoch  23  was done in  14.094676733016968  seconds
-------------------------------------------------------------------------------------------
-------------------------------------------------------------------------------------------
Processing epoch 24
Done pass
Training Loss is  4.021371246694208  Learning Rate is  0.0001
Validation Loss is  3.5946395993232727
Epoch  24  was done in  14.063727617263794  seconds
-------------------------------------------------------------------------------------------
-------------------------------------------------------------------------------------------
Processing epoch 25
Done pass
Training Loss is  4.0215151991162985  Learning Rate is  0.0001
Validation Loss is  3.6023260354995728
Epoch  25  was done in  14.184842109680176  seconds
-------------------------------------------------------------------------------------------
-------------------------------------------------------------------------------------------
Processing epoch 26
Done pass
Training Loss is  4.007531876092429  Learning Rate is  0.0001
Validation Loss is  3.5963699221611023
Epoch  26  was done in  13.981066465377808  seconds
-------------------------------------------------------------------------------------------
Early stopping !
Training and Validation complete !
