Device is cuda
Initialized Model
Batch size is 64
Creating loaders with batch_size as  64
Time taken for data loading:  373.3426842689514
-------------------------------------------------------------------------------------------
Processing epoch 0
Done pass
Training Loss is  8.41515869622702  Learning Rate is  0.001
Validation Loss is  4.6691612005233765
Epoch  0  was done in  14.392590284347534  seconds
-------------------------------------------------------------------------------------------
-------------------------------------------------------------------------------------------
Processing epoch 1
Done pass
Training Loss is  4.888185364859445  Learning Rate is  0.001
Validation Loss is  4.078043520450592
Epoch  1  was done in  14.078260898590088  seconds
-------------------------------------------------------------------------------------------
-------------------------------------------------------------------------------------------
Processing epoch 2
Done pass
Training Loss is  4.548000959249643  Learning Rate is  0.001
Validation Loss is  4.049351930618286
Epoch  2  was done in  14.09544849395752  seconds
-------------------------------------------------------------------------------------------
-------------------------------------------------------------------------------------------
Processing epoch 3
Done pass
Training Loss is  4.385918486249316  Learning Rate is  0.001
Validation Loss is  3.820173144340515
Epoch  3  was done in  14.134724378585815  seconds
-------------------------------------------------------------------------------------------
-------------------------------------------------------------------------------------------
Processing epoch 4
Done pass
Training Loss is  4.3208621727241265  Learning Rate is  0.001
Validation Loss is  3.7649927735328674
Epoch  4  was done in  14.083407402038574  seconds
-------------------------------------------------------------------------------------------
-------------------------------------------------------------------------------------------
Processing epoch 5
Done pass
Training Loss is  4.2702672350537645  Learning Rate is  0.001
Validation Loss is  3.8588414192199707
Epoch  5  was done in  14.152939081192017  seconds
-------------------------------------------------------------------------------------------
-------------------------------------------------------------------------------------------
Processing epoch 6
Done pass
Training Loss is  4.2270893683800335  Learning Rate is  0.001
Validation Loss is  3.706373631954193
Epoch  6  was done in  14.216490030288696  seconds
-------------------------------------------------------------------------------------------
-------------------------------------------------------------------------------------------
Processing epoch 7
Done pass
Training Loss is  4.204240646991101  Learning Rate is  0.001
Validation Loss is  3.6754549741744995
Epoch  7  was done in  14.153081178665161  seconds
-------------------------------------------------------------------------------------------
-------------------------------------------------------------------------------------------
Processing epoch 8
Done pass
Training Loss is  4.160829871565431  Learning Rate is  0.001
Validation Loss is  3.7499693632125854
Epoch  8  was done in  14.158852577209473  seconds
-------------------------------------------------------------------------------------------
-------------------------------------------------------------------------------------------
Processing epoch 9
Done pass
Training Loss is  4.150014513141507  Learning Rate is  0.001
Validation Loss is  3.661642014980316
Epoch  9  was done in  14.158826351165771  seconds
-------------------------------------------------------------------------------------------
-------------------------------------------------------------------------------------------
Processing epoch 10
Done pass
Training Loss is  4.136641604559762  Learning Rate is  0.001
Validation Loss is  3.605534166097641
Epoch  10  was done in  14.196762800216675  seconds
-------------------------------------------------------------------------------------------
-------------------------------------------------------------------------------------------
Processing epoch 11
Done pass
Training Loss is  4.121097347238561  Learning Rate is  0.001
Validation Loss is  3.671525001525879
Epoch  11  was done in  14.187061071395874  seconds
-------------------------------------------------------------------------------------------
-------------------------------------------------------------------------------------------
Processing epoch 12
Done pass
Training Loss is  4.110255692031357  Learning Rate is  0.001
Validation Loss is  3.651168465614319
Epoch  12  was done in  14.154545545578003  seconds
-------------------------------------------------------------------------------------------
-------------------------------------------------------------------------------------------
Processing epoch 13
Done pass
Training Loss is  4.086645307121696  Learning Rate is  0.001
Validation Loss is  3.6365909576416016
Epoch  13  was done in  14.209627628326416  seconds
-------------------------------------------------------------------------------------------
-------------------------------------------------------------------------------------------
Processing epoch 14
Done pass
Training Loss is  4.091279006266332  Learning Rate is  0.001
Validation Loss is  3.5853461623191833
Epoch  14  was done in  14.139034509658813  seconds
-------------------------------------------------------------------------------------------
-------------------------------------------------------------------------------------------
Processing epoch 15
Done pass
Training Loss is  4.0712334873912095  Learning Rate is  0.001
Validation Loss is  3.6515653133392334
Epoch  15  was done in  14.126283645629883  seconds
-------------------------------------------------------------------------------------------
-------------------------------------------------------------------------------------------
Processing epoch 16
Done pass
Training Loss is  4.072668958496261  Learning Rate is  0.001
Validation Loss is  3.607376515865326
Epoch  16  was done in  14.044039964675903  seconds
-------------------------------------------------------------------------------------------
-------------------------------------------------------------------------------------------
Processing epoch 17
Done pass
Training Loss is  4.066928622486827  Learning Rate is  0.001
Validation Loss is  3.588588297367096
Epoch  17  was done in  14.14237380027771  seconds
-------------------------------------------------------------------------------------------
-------------------------------------------------------------------------------------------
Processing epoch 18
Done pass
Training Loss is  4.057574337655371  Learning Rate is  0.001
Validation Loss is  3.5886250138282776
Epoch  18  was done in  14.231695413589478  seconds
-------------------------------------------------------------------------------------------
-------------------------------------------------------------------------------------------
Processing epoch 19
Done pass
Training Loss is  4.06223707146697  Learning Rate is  0.001
Validation Loss is  3.6360211968421936
Epoch  19  was done in  14.228084087371826  seconds
-------------------------------------------------------------------------------------------
Early stopping !
Training and Validation complete !
